<?xml version="1.0" encoding="UTF-8"?>
<!-- Generated by org.testng.reporters.JUnitReportReporter -->
<testsuite hostname="qaplanet34" name="TestScripts.Tc1_Login" tests="1" failures="0" timestamp="7 Dec 2017 13:28:16 GMT" time="10.185" errors="0">
  <testcase name="verifyOrangeHRM" time="10.185" classname="TestScripts.Tc1_Login"/>
</testsuite> <!-- TestScripts.Tc1_Login -->
