<?xml version="1.0" encoding="UTF-8"?>
<!-- Generated by org.testng.reporters.JUnitReportReporter -->
<testsuite hostname="qaplanet34" name="TestScripts.TC2_AddEmp" tests="1" failures="0" timestamp="7 Dec 2017 13:28:16 GMT" time="15.167" errors="0">
  <testcase name="AddEmployee" time="15.167" classname="TestScripts.TC2_AddEmp"/>
</testsuite> <!-- TestScripts.TC2_AddEmp -->
